Flow report for LAB10
Fri Jan 03 16:09:48 2020
Quartus Prime Version 18.1.0 Build 625 09/12/2018 SJ Lite Edition


---------------------
; Table of Contents ;
---------------------
  1. Legal Notice
  2. Flow Summary
  3. Flow Settings
  4. Flow Non-Default Global Settings
  5. Flow Elapsed Time
  6. Flow OS Summary
  7. Flow Log
  8. Flow Messages
  9. Flow Suppressed Messages



----------------
; Legal Notice ;
----------------
Copyright (C) 2018  Intel Corporation. All rights reserved.
Your use of Intel Corporation's design tools, logic functions 
and other software and tools, and its AMPP partner logic 
functions, and any output files from any of the foregoing 
(including device programming or simulation files), and any 
associated documentation or information are expressly subject 
to the terms and conditions of the Intel Program License 
Subscription Agreement, the Intel Quartus Prime License Agreement,
the Intel FPGA IP License Agreement, or other applicable license
agreement, including, without limitation, that your use is for
the sole purpose of programming logic devices manufactured by
Intel and sold by Intel or its authorized distributors.  Please
refer to the applicable agreement for further details.



+----------------------------------------------------------------------------------+
; Flow Summary                                                                     ;
+------------------------------------+---------------------------------------------+
; Flow Status                        ; Successful - Fri Jan 03 16:09:48 2020       ;
; Quartus Prime Version              ; 18.1.0 Build 625 09/12/2018 SJ Lite Edition ;
; Revision Name                      ; LAB10                                       ;
; Top-level Entity Name              ; LAB10                                       ;
; Family                             ; Cyclone IV E                                ;
; Total logic elements               ; 183 / 6,272 ( 3 % )                         ;
;     Total combinational functions  ; 182 / 6,272 ( 3 % )                         ;
;     Dedicated logic registers      ; 32 / 6,272 ( < 1 % )                        ;
; Total registers                    ; 32                                          ;
; Total pins                         ; 50 / 92 ( 54 % )                            ;
; Total virtual pins                 ; 0                                           ;
; Total memory bits                  ; 0 / 276,480 ( 0 % )                         ;
; Embedded Multiplier 9-bit elements ; 0 / 30 ( 0 % )                              ;
; Total PLLs                         ; 0 / 2 ( 0 % )                               ;
; Device                             ; EP4CE6E22C6                                 ;
; Timing Models                      ; Final                                       ;
+------------------------------------+---------------------------------------------+


+-----------------------------------------+
; Flow Settings                           ;
+-------------------+---------------------+
; Option            ; Setting             ;
+-------------------+---------------------+
; Start date & time ; 01/03/2020 14:51:13 ;
; Main task         ; Compilation         ;
; Revision Name     ; LAB10               ;
+-------------------+---------------------+


+-------------------------------------------------------------------------------------------------------------------------+
; Flow Non-Default Global Settings                                                                                        ;
+-------------------------------------+----------------------------------------+---------------+-------------+------------+
; Assignment Name                     ; Value                                  ; Default Value ; Entity Name ; Section Id ;
+-------------------------------------+----------------------------------------+---------------+-------------+------------+
; COMPILER_SIGNATURE_ID               ; 136520653081501.157803427217388        ; --            ; --          ; --         ;
; PARTITION_COLOR                     ; -- (Not supported for targeted family) ; --            ; --          ; Top        ;
; PARTITION_FITTER_PRESERVATION_LEVEL ; -- (Not supported for targeted family) ; --            ; --          ; Top        ;
; PARTITION_NETLIST_TYPE              ; -- (Not supported for targeted family) ; --            ; --          ; Top        ;
+-------------------------------------+----------------------------------------+---------------+-------------+------------+


+--------------------------------------------------------------------------------------------------------------------------+
; Flow Elapsed Time                                                                                                        ;
+----------------------+--------------+-------------------------+---------------------+------------------------------------+
; Module Name          ; Elapsed Time ; Average Processors Used ; Peak Virtual Memory ; Total CPU Time (on all processors) ;
+----------------------+--------------+-------------------------+---------------------+------------------------------------+
; Analysis & Synthesis ; 00:00:25     ; 1.0                     ; 4769 MB             ; 00:00:54                           ;
; Fitter               ; 00:00:15     ; 1.0                     ; 5497 MB             ; 00:00:18                           ;
; Assembler            ; 00:00:02     ; 1.0                     ; 4676 MB             ; 00:00:02                           ;
; Timing Analyzer      ; 00:00:06     ; 1.0                     ; 4770 MB             ; 00:00:05                           ;
; EDA Netlist Writer   ; 00:00:01     ; 1.0                     ; 4628 MB             ; 00:00:02                           ;
; EDA Netlist Writer   ; 00:00:01     ; 1.0                     ; 4635 MB             ; 00:00:02                           ;
; EDA Netlist Writer   ; 00:00:01     ; 1.0                     ; 4627 MB             ; 00:00:01                           ;
; EDA Netlist Writer   ; 00:00:02     ; 1.0                     ; 4635 MB             ; 00:00:01                           ;
; EDA Netlist Writer   ; 00:00:02     ; 1.0                     ; 4627 MB             ; 00:00:01                           ;
; EDA Netlist Writer   ; 00:00:02     ; 1.0                     ; 4635 MB             ; 00:00:02                           ;
; EDA Netlist Writer   ; 00:00:02     ; 1.0                     ; 4627 MB             ; 00:00:01                           ;
; EDA Netlist Writer   ; 00:00:01     ; 1.0                     ; 4636 MB             ; 00:00:02                           ;
; EDA Netlist Writer   ; 00:00:02     ; 1.0                     ; 4627 MB             ; 00:00:01                           ;
; EDA Netlist Writer   ; 00:00:02     ; 1.0                     ; 4635 MB             ; 00:00:02                           ;
; EDA Netlist Writer   ; 00:00:02     ; 1.0                     ; 4628 MB             ; 00:00:02                           ;
; EDA Netlist Writer   ; 00:00:02     ; 1.0                     ; 4635 MB             ; 00:00:02                           ;
; EDA Netlist Writer   ; 00:00:02     ; 1.0                     ; 4628 MB             ; 00:00:02                           ;
; EDA Netlist Writer   ; 00:00:01     ; 1.0                     ; 4636 MB             ; 00:00:01                           ;
; EDA Netlist Writer   ; 00:00:01     ; 1.0                     ; 4627 MB             ; 00:00:02                           ;
; EDA Netlist Writer   ; 00:00:02     ; 1.0                     ; 4636 MB             ; 00:00:01                           ;
; EDA Netlist Writer   ; 00:00:02     ; 1.0                     ; 4627 MB             ; 00:00:02                           ;
; EDA Netlist Writer   ; 00:00:02     ; 1.0                     ; 4635 MB             ; 00:00:02                           ;
; EDA Netlist Writer   ; 00:00:02     ; 1.0                     ; 4627 MB             ; 00:00:02                           ;
; EDA Netlist Writer   ; 00:00:01     ; 1.0                     ; 4635 MB             ; 00:00:02                           ;
; Total                ; 00:01:21     ; --                      ; --                  ; 00:01:52                           ;
+----------------------+--------------+-------------------------+---------------------+------------------------------------+


+------------------------------------------------------------------------------------+
; Flow OS Summary                                                                    ;
+----------------------+------------------+------------+------------+----------------+
; Module Name          ; Machine Hostname ; OS Name    ; OS Version ; Processor type ;
+----------------------+------------------+------------+------------+----------------+
; Analysis & Synthesis ; LAPTOP-992LKG4T  ; Windows 10 ; 10.0       ; x86_64         ;
; Fitter               ; LAPTOP-992LKG4T  ; Windows 10 ; 10.0       ; x86_64         ;
; Assembler            ; LAPTOP-992LKG4T  ; Windows 10 ; 10.0       ; x86_64         ;
; Timing Analyzer      ; LAPTOP-992LKG4T  ; Windows 10 ; 10.0       ; x86_64         ;
; EDA Netlist Writer   ; LAPTOP-992LKG4T  ; Windows 10 ; 10.0       ; x86_64         ;
; EDA Netlist Writer   ; LAPTOP-992LKG4T  ; Windows 10 ; 10.0       ; x86_64         ;
; EDA Netlist Writer   ; LAPTOP-992LKG4T  ; Windows 10 ; 10.0       ; x86_64         ;
; EDA Netlist Writer   ; LAPTOP-992LKG4T  ; Windows 10 ; 10.0       ; x86_64         ;
; EDA Netlist Writer   ; LAPTOP-992LKG4T  ; Windows 10 ; 10.0       ; x86_64         ;
; EDA Netlist Writer   ; LAPTOP-992LKG4T  ; Windows 10 ; 10.0       ; x86_64         ;
; EDA Netlist Writer   ; LAPTOP-992LKG4T  ; Windows 10 ; 10.0       ; x86_64         ;
; EDA Netlist Writer   ; LAPTOP-992LKG4T  ; Windows 10 ; 10.0       ; x86_64         ;
; EDA Netlist Writer   ; LAPTOP-992LKG4T  ; Windows 10 ; 10.0       ; x86_64         ;
; EDA Netlist Writer   ; LAPTOP-992LKG4T  ; Windows 10 ; 10.0       ; x86_64         ;
; EDA Netlist Writer   ; LAPTOP-992LKG4T  ; Windows 10 ; 10.0       ; x86_64         ;
; EDA Netlist Writer   ; LAPTOP-992LKG4T  ; Windows 10 ; 10.0       ; x86_64         ;
; EDA Netlist Writer   ; LAPTOP-992LKG4T  ; Windows 10 ; 10.0       ; x86_64         ;
; EDA Netlist Writer   ; LAPTOP-992LKG4T  ; Windows 10 ; 10.0       ; x86_64         ;
; EDA Netlist Writer   ; LAPTOP-992LKG4T  ; Windows 10 ; 10.0       ; x86_64         ;
; EDA Netlist Writer   ; LAPTOP-992LKG4T  ; Windows 10 ; 10.0       ; x86_64         ;
; EDA Netlist Writer   ; LAPTOP-992LKG4T  ; Windows 10 ; 10.0       ; x86_64         ;
; EDA Netlist Writer   ; LAPTOP-992LKG4T  ; Windows 10 ; 10.0       ; x86_64         ;
; EDA Netlist Writer   ; LAPTOP-992LKG4T  ; Windows 10 ; 10.0       ; x86_64         ;
; EDA Netlist Writer   ; LAPTOP-992LKG4T  ; Windows 10 ; 10.0       ; x86_64         ;
+----------------------+------------------+------------+------------+----------------+


------------
; Flow Log ;
------------
quartus_map --read_settings_files=on --write_settings_files=off LAB10 -c LAB10
quartus_fit --read_settings_files=off --write_settings_files=off LAB10 -c LAB10
quartus_asm --read_settings_files=off --write_settings_files=off LAB10 -c LAB10
quartus_sta LAB10 -c LAB10
quartus_eda --gen_testbench --tool=modelsim_oem --format=verilog --write_settings_files=off LAB10 -c LAB10 --vector_source=C:/LAB10/Waveform1.vwf --testbench_file=C:/LAB10/simulation/qsim/Waveform1.vwf.vt
quartus_eda --write_settings_files=off --simulation=on --functional=on --flatten_buses=off --tool=modelsim_oem --format=verilog --output_directory=C:/LAB10/simulation/qsim/ LAB10 -c LAB10
quartus_eda --gen_testbench --tool=modelsim_oem --format=verilog --write_settings_files=off LAB10 -c LAB10 --vector_source=C:/LAB10/Waveform1.vwf --testbench_file=C:/LAB10/simulation/qsim/Waveform1.vwf.vt
quartus_eda --write_settings_files=off --simulation=on --functional=on --flatten_buses=off --tool=modelsim_oem --format=verilog --output_directory=C:/LAB10/simulation/qsim/ LAB10 -c LAB10
quartus_eda --gen_testbench --tool=modelsim_oem --format=verilog --write_settings_files=off LAB10 -c LAB10 --vector_source=C:/LAB10/Waveform1.vwf --testbench_file=C:/LAB10/simulation/qsim/Waveform1.vwf.vt
quartus_eda --write_settings_files=off --simulation=on --functional=on --flatten_buses=off --tool=modelsim_oem --format=verilog --output_directory=C:/LAB10/simulation/qsim/ LAB10 -c LAB10
quartus_eda --gen_testbench --tool=modelsim_oem --format=verilog --write_settings_files=off LAB10 -c LAB10 --vector_source=C:/LAB10/Waveform1.vwf --testbench_file=C:/LAB10/simulation/qsim/Waveform1.vwf.vt
quartus_eda --write_settings_files=off --simulation=on --functional=on --flatten_buses=off --tool=modelsim_oem --format=verilog --output_directory=C:/LAB10/simulation/qsim/ LAB10 -c LAB10
quartus_eda --gen_testbench --tool=modelsim_oem --format=verilog --write_settings_files=off LAB10 -c LAB10 --vector_source=C:/LAB10/Waveform1.vwf --testbench_file=C:/LAB10/simulation/qsim/Waveform1.vwf.vt
quartus_eda --write_settings_files=off --simulation=on --functional=on --flatten_buses=off --tool=modelsim_oem --format=verilog --output_directory=C:/LAB10/simulation/qsim/ LAB10 -c LAB10
quartus_eda --gen_testbench --tool=modelsim_oem --format=verilog --write_settings_files=off LAB10 -c LAB10 --vector_source=C:/LAB10/Waveform1.vwf --testbench_file=C:/LAB10/simulation/qsim/Waveform1.vwf.vt
quartus_eda --write_settings_files=off --simulation=on --functional=on --flatten_buses=off --tool=modelsim_oem --format=verilog --output_directory=C:/LAB10/simulation/qsim/ LAB10 -c LAB10
quartus_eda --gen_testbench --tool=modelsim_oem --format=verilog --write_settings_files=off LAB10 -c LAB10 --vector_source=C:/LAB10/Waveform1.vwf --testbench_file=C:/LAB10/simulation/qsim/Waveform1.vwf.vt
quartus_eda --write_settings_files=off --simulation=on --functional=on --flatten_buses=off --tool=modelsim_oem --format=verilog --output_directory=C:/LAB10/simulation/qsim/ LAB10 -c LAB10
quartus_eda --gen_testbench --tool=modelsim_oem --format=verilog --write_settings_files=off LAB10 -c LAB10 --vector_source=C:/LAB10/Waveform1.vwf --testbench_file=C:/LAB10/simulation/qsim/Waveform1.vwf.vt
quartus_eda --write_settings_files=off --simulation=on --functional=on --flatten_buses=off --tool=modelsim_oem --format=verilog --output_directory=C:/LAB10/simulation/qsim/ LAB10 -c LAB10
quartus_eda --gen_testbench --tool=modelsim_oem --format=verilog --write_settings_files=off LAB10 -c LAB10 --vector_source=C:/LAB10/Waveform1.vwf --testbench_file=C:/LAB10/simulation/qsim/Waveform1.vwf.vt
quartus_eda --write_settings_files=off --simulation=on --functional=on --flatten_buses=off --tool=modelsim_oem --format=verilog --output_directory=C:/LAB10/simulation/qsim/ LAB10 -c LAB10
quartus_eda --gen_testbench --tool=modelsim_oem --format=verilog --write_settings_files=off LAB10 -c LAB10 --vector_source=C:/LAB10/Waveform1.vwf --testbench_file=C:/LAB10/simulation/qsim/Waveform1.vwf.vt
quartus_eda --write_settings_files=off --simulation=on --functional=on --flatten_buses=off --tool=modelsim_oem --format=verilog --output_directory=C:/LAB10/simulation/qsim/ LAB10 -c LAB10



